Using pre-set license
Built from '2020.3/staging' branch; Version is '2020.3.25f1 (9b9180224418) revision 10195328'; Using compiler version '192528614'; Build Type 'Release'
OS: 'Windows 11  (10.0.22631) 64bit Professional' Language: 'en' Physical Memory: 16109 MB
BatchMode: 1, IsHumanControllingUs: 0, StartBugReporterOnCrash: 0, Is64bit: 1, IsPro: 0

COMMAND LINE ARGUMENTS:
D:\Games\2020.3.25f1\Editor\Unity.exe
-adb2
-batchMode
-noUpm
-name
AssetImportWorker0
-projectPath
C:/Users/Pc/Documents/Projects/Minesweeper
-logFile
Logs/AssetImportWorker0.log
-srvPort
51155
Successfully changed project path to: C:/Users/Pc/Documents/Projects/Minesweeper
C:/Users/Pc/Documents/Projects/Minesweeper
Using Asset Import Pipeline V2.
Refreshing native plugins compatible for Editor in 32.23 ms, found 3 plugins.
Preloading 0 native plugins for Editor in 0.00 ms.
Initialize engine version: 2020.3.25f1 (9b9180224418)
[Subsystems] Discovering subsystems at path D:/Games/2020.3.25f1/Editor/Data/Resources/UnitySubsystems
[Subsystems] Discovering subsystems at path C:/Users/Pc/Documents/Projects/Minesweeper/Assets
GfxDevice: creating device client; threaded=0
Direct3D:
    Version:  Direct3D 11.0 [level 11.1]
    Renderer: NVIDIA GeForce RTX 3050 Laptop GPU (ID=0x25a2)
    Vendor:   
    VRAM:     3964 MB
    Driver:   32.0.15.6603
Initialize mono
Mono path[0] = 'D:/Games/2020.3.25f1/Editor/Data/Managed'
Mono path[1] = 'D:/Games/2020.3.25f1/Editor/Data/MonoBleedingEdge/lib/mono/unityjit'
Mono config path = 'D:/Games/2020.3.25f1/Editor/Data/MonoBleedingEdge/etc'
Using monoOptions --debugger-agent=transport=dt_socket,embedding=1,server=y,suspend=n,address=127.0.0.1:56328
Begin MonoManager ReloadAssembly
Registering precompiled unity dll's ...
Register platform support module: D:/Games/2020.3.25f1/Editor/Data/PlaybackEngines/WebGLSupport/UnityEditor.WebGL.Extensions.dll
Register platform support module: D:/Games/2020.3.25f1/Editor/Data/PlaybackEngines/WindowsStandaloneSupport/UnityEditor.WindowsStandalone.Extensions.dll
Registered in 0.000873 seconds.
Native extension for WindowsStandalone target not found
Native extension for WebGL target not found
Refreshing native plugins compatible for Editor in 32.67 ms, found 3 plugins.
Preloading 0 native plugins for Editor in 0.00 ms.
Mono: successfully reloaded assembly
- Completed reload, in  0.409 seconds
Domain Reload Profiling:
	ReloadAssembly (409ms)
		BeginReloadAssembly (41ms)
			ExecutionOrderSort (0ms)
			DisableScriptedObjects (0ms)
			BackupInstance (0ms)
			ReleaseScriptingObjects (0ms)
			CreateAndSetChildDomain (1ms)
		EndReloadAssembly (322ms)
			LoadAssemblies (41ms)
			RebuildTransferFunctionScriptingTraits (0ms)
			SetupTypeCache (104ms)
			ReleaseScriptCaches (0ms)
			RebuildScriptCaches (22ms)
			SetupLoadedEditorAssemblies (126ms)
				LogAssemblyErrors (0ms)
				InitializePlatformSupportModulesInManaged (4ms)
				SetLoadedEditorAssemblies (0ms)
				RefreshPlugins (33ms)
				BeforeProcessingInitializeOnLoad (9ms)
				ProcessInitializeOnLoadAttributes (60ms)
				ProcessInitializeOnLoadMethodAttributes (20ms)
				AfterProcessingInitializeOnLoad (0ms)
				EditorAssembliesLoaded (0ms)
			ExecutionOrderSort2 (0ms)
			AwakeInstancesAfterBackupRestoration (0ms)
Platform modules already initialized, skipping
Registering precompiled user dll's ...
Registered in 0.002918 seconds.
Begin MonoManager ReloadAssembly
Native extension for WindowsStandalone target not found
Native extension for WebGL target not found
Refreshing native plugins compatible for Editor in 31.56 ms, found 3 plugins.
Preloading 0 native plugins for Editor in 0.00 ms.
Mono: successfully reloaded assembly
- Completed reload, in  0.786 seconds
Domain Reload Profiling:
	ReloadAssembly (786ms)
		BeginReloadAssembly (111ms)
			ExecutionOrderSort (0ms)
			DisableScriptedObjects (3ms)
			BackupInstance (0ms)
			ReleaseScriptingObjects (0ms)
			CreateAndSetChildDomain (17ms)
		EndReloadAssembly (634ms)
			LoadAssemblies (72ms)
			RebuildTransferFunctionScriptingTraits (0ms)
			SetupTypeCache (212ms)
			ReleaseScriptCaches (0ms)
			RebuildScriptCaches (34ms)
			SetupLoadedEditorAssemblies (242ms)
				LogAssemblyErrors (0ms)
				InitializePlatformSupportModulesInManaged (3ms)
				SetLoadedEditorAssemblies (0ms)
				RefreshPlugins (32ms)
				BeforeProcessingInitializeOnLoad (53ms)
				ProcessInitializeOnLoadAttributes (140ms)
				ProcessInitializeOnLoadMethodAttributes (12ms)
				AfterProcessingInitializeOnLoad (1ms)
				EditorAssembliesLoaded (0ms)
			ExecutionOrderSort2 (0ms)
			AwakeInstancesAfterBackupRestoration (4ms)
Platform modules already initialized, skipping
========================================================================
Worker process is ready to serve import requests
Launched and connected shader compiler UnityShaderCompiler.exe after 0.03 seconds
Refreshing native plugins compatible for Editor in 0.42 ms, found 3 plugins.
Preloading 0 native plugins for Editor in 0.00 ms.
Unloading 2197 Unused Serialized files (Serialized files now loaded: 0)
System memory in use before: 95.9 MB.
System memory in use after: 96.0 MB.

Unloading 28 unused Assets to reduce memory usage. Loaded Objects now: 2631.
Total: 2.347400 ms (FindLiveObjects: 0.124200 ms CreateObjectMapping: 0.037200 ms MarkObjects: 2.113000 ms  DeleteObjects: 0.072000 ms)

AssetImportParameters requested are different than current active one (requested -> active):
  custom:framework-win-MediaFoundation: 216162199b28c13a410421893ffa2e32 -> 
  custom:video-decoder-ogg-theora: a1e56fd34408186e4bbccfd4996cb3dc -> 
  custom:container-muxer-webm: aa71ff27fc2769a1b78a27578f13a17b -> 
  custom:container-demuxer-webm: 4f35f7cbe854078d1ac9338744f61a02 -> 
  custom:container-demuxer-ogg: 62fdf1f143b41e24485cea50d1cbac27 -> 
  custom:video-encoder-webm-vp8: eb34c28f22e8b96e1ab97ce403110664 -> 
  custom:video-decoder-webm-vp8: 9c59270c3fd7afecdb556c50c9e8de78 -> 
  custom:audio-decoder-ogg-vorbis: bf7c407c2cedff20999df2af8eb42d56 -> 
  custom:audio-encoder-webm-vorbis: bf7c407c2cedff20999df2af8eb42d56 -> 
========================================================================
Received Import Request.
  path: Assets/Sprites/Tile6.png
  artifactKey: Guid(601a4325665b00744a4bfa72fea0764c) Importer(815301076,1909f56bfc062723c751e8b465ee728b)
Start importing Assets/Sprites/Tile6.png using Guid(601a4325665b00744a4bfa72fea0764c) Importer(815301076,1909f56bfc062723c751e8b465ee728b)  -> (artifact id: 'aead0f93c1e7a7214f72eaec16183df4') in 0.096672 seconds 
  Import took 0.099838 seconds .

========================================================================
Received Import Request.
  Time since last request: 0.000215 seconds.
  path: Assets/Sprites/Tile5.png
  artifactKey: Guid(e66686f9052c93d45b5dadb88add8223) Importer(815301076,1909f56bfc062723c751e8b465ee728b)
Start importing Assets/Sprites/Tile5.png using Guid(e66686f9052c93d45b5dadb88add8223) Importer(815301076,1909f56bfc062723c751e8b465ee728b)  -> (artifact id: 'd4f68fde680269f74e5e66fb316bfc5d') in 0.008173 seconds 
  Import took 0.011052 seconds .

========================================================================
Received Import Request.
  Time since last request: 0.000224 seconds.
  path: Assets/Sprites/Tile7.png
  artifactKey: Guid(2dff2308e78f7c84fa3c6f743f7a91a7) Importer(815301076,1909f56bfc062723c751e8b465ee728b)
Start importing Assets/Sprites/Tile7.png using Guid(2dff2308e78f7c84fa3c6f743f7a91a7) Importer(815301076,1909f56bfc062723c751e8b465ee728b)  -> (artifact id: 'a485c92e6711b167c17cba4dc4c940a5') in 0.006957 seconds 
  Import took 0.009824 seconds .

========================================================================
Received Import Request.
  Time since last request: 0.000228 seconds.
  path: Assets/Sprites/TileExploded.png
  artifactKey: Guid(68e8aab452299034e9f322e86d409f8a) Importer(815301076,1909f56bfc062723c751e8b465ee728b)
Start importing Assets/Sprites/TileExploded.png using Guid(68e8aab452299034e9f322e86d409f8a) Importer(815301076,1909f56bfc062723c751e8b465ee728b)  -> (artifact id: '3190303a7e69fb0a6845656c1bb982ca') in 0.008425 seconds 
  Import took 0.011577 seconds .

========================================================================
Received Import Request.
  Time since last request: 0.000207 seconds.
  path: Assets/Sprites/Tile8.png
  artifactKey: Guid(d7e788eafe86e774884694be1fb11a67) Importer(815301076,1909f56bfc062723c751e8b465ee728b)
Start importing Assets/Sprites/Tile8.png using Guid(d7e788eafe86e774884694be1fb11a67) Importer(815301076,1909f56bfc062723c751e8b465ee728b)  -> (artifact id: '1d985352fdc85dd6b1e4b9389a12ef63') in 0.007111 seconds 
  Import took 0.010160 seconds .

========================================================================
Received Import Request.
  Time since last request: 0.000242 seconds.
  path: Assets/Sprites/Tile1.png
  artifactKey: Guid(daae6d7ccd7990543a4538649e53053c) Importer(815301076,1909f56bfc062723c751e8b465ee728b)
Start importing Assets/Sprites/Tile1.png using Guid(daae6d7ccd7990543a4538649e53053c) Importer(815301076,1909f56bfc062723c751e8b465ee728b)  -> (artifact id: '4bf86778b35bdee0748bd199c66ce995') in 0.006935 seconds 
  Import took 0.009858 seconds .

========================================================================
Received Import Request.
  Time since last request: 0.000261 seconds.
  path: Assets/Sprites/TileUnknown.png
  artifactKey: Guid(95538f3fee7fde64f8999b5a5a266f6d) Importer(815301076,1909f56bfc062723c751e8b465ee728b)
Start importing Assets/Sprites/TileUnknown.png using Guid(95538f3fee7fde64f8999b5a5a266f6d) Importer(815301076,1909f56bfc062723c751e8b465ee728b)  -> (artifact id: 'ffdc945b060e27fb0793c69cd29cfc44') in 0.007309 seconds 
  Import took 0.010406 seconds .

========================================================================
Received Import Request.
  Time since last request: 0.000206 seconds.
  path: Assets/Sprites/Tile3.png
  artifactKey: Guid(825cfe3a7c6346a468f309612ac629da) Importer(815301076,1909f56bfc062723c751e8b465ee728b)
Start importing Assets/Sprites/Tile3.png using Guid(825cfe3a7c6346a468f309612ac629da) Importer(815301076,1909f56bfc062723c751e8b465ee728b)  -> (artifact id: 'ed709897d67b8abf948d5e032b832744') in 0.007521 seconds 
  Import took 0.010743 seconds .

========================================================================
Received Import Request.
  Time since last request: 0.000382 seconds.
  path: Assets/Sprites/Tile2.png
  artifactKey: Guid(7fbbcccf11579dd4099f96a6e822db84) Importer(815301076,1909f56bfc062723c751e8b465ee728b)
Start importing Assets/Sprites/Tile2.png using Guid(7fbbcccf11579dd4099f96a6e822db84) Importer(815301076,1909f56bfc062723c751e8b465ee728b)  -> (artifact id: '75dca5886a625ddf6b85bf3d6e9859ea') in 0.008230 seconds 
  Import took 0.011863 seconds .

========================================================================
Received Import Request.
  Time since last request: 0.000213 seconds.
  path: Assets/Sprites/TileFlag.png
  artifactKey: Guid(ea0b1e8f9122d774cb10d6e533ecd8c5) Importer(815301076,1909f56bfc062723c751e8b465ee728b)
Start importing Assets/Sprites/TileFlag.png using Guid(ea0b1e8f9122d774cb10d6e533ecd8c5) Importer(815301076,1909f56bfc062723c751e8b465ee728b)  -> (artifact id: 'fa27cdef0abe72398937f0b25b8b13e2') in 0.009599 seconds 
  Import took 0.013027 seconds .

========================================================================
Received Import Request.
  Time since last request: 0.000219 seconds.
  path: Assets/Sprites/TileEmpty.png
  artifactKey: Guid(876baa1be0ab3bb40a568c6cd5f7ba18) Importer(815301076,1909f56bfc062723c751e8b465ee728b)
Start importing Assets/Sprites/TileEmpty.png using Guid(876baa1be0ab3bb40a568c6cd5f7ba18) Importer(815301076,1909f56bfc062723c751e8b465ee728b)  -> (artifact id: '291da17087c774e76bc5f45511044b6c') in 0.008511 seconds 
  Import took 0.012171 seconds .

========================================================================
Received Import Request.
  Time since last request: 0.000194 seconds.
  path: Assets/Sprites/Tile4.png
  artifactKey: Guid(c8999551a2ca5f44ea99fa9ee55ad796) Importer(815301076,1909f56bfc062723c751e8b465ee728b)
Start importing Assets/Sprites/Tile4.png using Guid(c8999551a2ca5f44ea99fa9ee55ad796) Importer(815301076,1909f56bfc062723c751e8b465ee728b)  -> (artifact id: 'fdd38abddbcf3943c7b433646402f217') in 0.006951 seconds 
  Import took 0.010100 seconds .

========================================================================
Received Import Request.
  Time since last request: 0.000234 seconds.
  path: Assets/Sprites/TileMine.png
  artifactKey: Guid(573ddfabf6f790249a746fc4da6bb803) Importer(815301076,1909f56bfc062723c751e8b465ee728b)
Start importing Assets/Sprites/TileMine.png using Guid(573ddfabf6f790249a746fc4da6bb803) Importer(815301076,1909f56bfc062723c751e8b465ee728b)  -> (artifact id: '217e04e3182a9abdec4e0e559f10b380') in 0.007246 seconds 
  Import took 0.010683 seconds .

========================================================================
Received Import Request.
  Time since last request: 5.514016 seconds.
  path: Assets/Images
  artifactKey: Guid(f88840ce7ed01ff4b83be6e4c28ca9c8) Importer(815301076,1909f56bfc062723c751e8b465ee728b)
Start importing Assets/Images using Guid(f88840ce7ed01ff4b83be6e4c28ca9c8) Importer(815301076,1909f56bfc062723c751e8b465ee728b)  -> (artifact id: '031ba2338012e16c3d7766d0ac3c4f16') in 0.001567 seconds 
  Import took 0.004616 seconds .

========================================================================
Received Import Request.
  Time since last request: 31.506368 seconds.
  path: Assets/Images/Ekran görüntüsü 2024-10-24 141628.png
  artifactKey: Guid(625e7ade522b8684fb12f2ba3ca9145c) Importer(815301076,1909f56bfc062723c751e8b465ee728b)
Start importing Assets/Images/Ekran görüntüsü 2024-10-24 141628.png using Guid(625e7ade522b8684fb12f2ba3ca9145c) Importer(815301076,1909f56bfc062723c751e8b465ee728b)  -> (artifact id: 'e3a4900e95a263e373743324db9bb4bc') in 0.018170 seconds 
  Import took 0.021230 seconds .

========================================================================
Received Import Request.
  Time since last request: 28.521675 seconds.
  path: Assets/Images/Minesweeper.png
  artifactKey: Guid(625e7ade522b8684fb12f2ba3ca9145c) Importer(815301076,1909f56bfc062723c751e8b465ee728b)
Start importing Assets/Images/Minesweeper.png using Guid(625e7ade522b8684fb12f2ba3ca9145c) Importer(815301076,1909f56bfc062723c751e8b465ee728b)  -> (artifact id: 'c678047561b9f361bdd6db1ffa915a42') in 0.016739 seconds 
  Import took 0.019890 seconds .

========================================================================
Received Prepare
Registering precompiled user dll's ...
Registered in 0.003019 seconds.
Begin MonoManager ReloadAssembly
Native extension for WindowsStandalone target not found
Native extension for WebGL target not found
Refreshing native plugins compatible for Editor in 0.43 ms, found 3 plugins.
Preloading 0 native plugins for Editor in 0.00 ms.
Mono: successfully reloaded assembly
- Completed reload, in  0.675 seconds
Domain Reload Profiling:
	ReloadAssembly (676ms)
		BeginReloadAssembly (91ms)
			ExecutionOrderSort (0ms)
			DisableScriptedObjects (4ms)
			BackupInstance (0ms)
			ReleaseScriptingObjects (0ms)
			CreateAndSetChildDomain (27ms)
		EndReloadAssembly (545ms)
			LoadAssemblies (70ms)
			RebuildTransferFunctionScriptingTraits (0ms)
			SetupTypeCache (196ms)
			ReleaseScriptCaches (1ms)
			RebuildScriptCaches (30ms)
			SetupLoadedEditorAssemblies (192ms)
				LogAssemblyErrors (0ms)
				InitializePlatformSupportModulesInManaged (3ms)
				SetLoadedEditorAssemblies (0ms)
				RefreshPlugins (0ms)
				BeforeProcessingInitializeOnLoad (59ms)
				ProcessInitializeOnLoadAttributes (120ms)
				ProcessInitializeOnLoadMethodAttributes (7ms)
				AfterProcessingInitializeOnLoad (1ms)
				EditorAssembliesLoaded (0ms)
			ExecutionOrderSort2 (0ms)
			AwakeInstancesAfterBackupRestoration (6ms)
Platform modules already initialized, skipping
Refreshing native plugins compatible for Editor in 0.42 ms, found 3 plugins.
Preloading 0 native plugins for Editor in 0.00 ms.
Unloading 2186 Unused Serialized files (Serialized files now loaded: 0)
System memory in use before: 98.2 MB.
System memory in use after: 98.3 MB.

Unloading 17 unused Assets to reduce memory usage. Loaded Objects now: 2641.
Total: 2.290700 ms (FindLiveObjects: 0.121800 ms CreateObjectMapping: 0.034100 ms MarkObjects: 2.117900 ms  DeleteObjects: 0.014900 ms)

AssetImportParameters requested are different than current active one (requested -> active):
  custom:framework-win-MediaFoundation: 216162199b28c13a410421893ffa2e32 -> 
  custom:video-decoder-ogg-theora: a1e56fd34408186e4bbccfd4996cb3dc -> 
  custom:container-muxer-webm: aa71ff27fc2769a1b78a27578f13a17b -> 
  custom:container-demuxer-webm: 4f35f7cbe854078d1ac9338744f61a02 -> 
  custom:container-demuxer-ogg: 62fdf1f143b41e24485cea50d1cbac27 -> 
  custom:video-encoder-webm-vp8: eb34c28f22e8b96e1ab97ce403110664 -> 
  custom:video-decoder-webm-vp8: 9c59270c3fd7afecdb556c50c9e8de78 -> 
  custom:audio-decoder-ogg-vorbis: bf7c407c2cedff20999df2af8eb42d56 -> 
  custom:audio-encoder-webm-vorbis: bf7c407c2cedff20999df2af8eb42d56 -> 
AssetImportWorkerClient::OnTransportError - code=2 error=End of file
